 
****************************************
Report : qor
Design : up_down_counter
Version: W-2024.09
Date   : Sun Apr  5 05:01:22 2026
****************************************


  Timing Path Group 'Clock'
  -----------------------------------
  Levels of Logic:               2.00
  Critical Path Length:          1.35
  Critical Path Slack:           5.88
  Critical Path Clk Period:     10.00
  Total Negative Slack:          0.00
  No. of Violating Paths:        0.00
  Worst Hold Violation:          0.00
  Total Hold Violation:          0.00
  No. of Hold Violations:        0.00
  -----------------------------------


  Cell Count
  -----------------------------------
  Hierarchical Cell Count:          0
  Hierarchical Port Count:          0
  Leaf Cell Count:                 13
  Buf/Inv Cell Count:               2
  Buf Cell Count:                   0
  Inv Cell Count:                   2
  CT Buf/Inv Cell Count:            0
  Combinational Cell Count:         9
  Sequential Cell Count:            4
  Macro Count:                      0
  -----------------------------------


  Area
  -----------------------------------
  Combinational Area:       23.889536
  Noncombinational Area:    28.464128
  Buf/Inv Area:              2.541440
  Total Buffer Area:             0.00
  Total Inverter Area:           2.54
  Macro/Black Box Area:      0.000000
  Net Area:                  4.156558
  -----------------------------------
  Cell Area:                52.353665
  Design Area:              56.510222


  Design Rules
  -----------------------------------
  Total Number of Nets:            19
  Nets With Violations:             0
  Max Trans Violations:             0
  Max Cap Violations:               0
  -----------------------------------


  Hostname: ict-chipin.sot.pdpu.ac.in

  Compile CPU Statistics
  -----------------------------------------
  Resource Sharing:                    0.00
  Logic Optimization:                  0.03
  Mapping Optimization:                0.17
  -----------------------------------------
  Overall Compile Time:                3.70
  Overall Compile Wall Clock Time:     4.51

  --------------------------------------------------------------------

  Design  WNS: 0.00  TNS: 0.00  Number of Violating Paths: 0


  Design (Hold)  WNS: 0.00  TNS: 0.00  Number of Violating Paths: 0

  --------------------------------------------------------------------


1
