Information: Updating design information... (UID-85)
 
****************************************
Report : timing
        -path full
        -delay max
        -max_paths 10
Design : up_down_counter
Version: W-2024.09
Date   : Sun Apr  5 05:01:22 2026
****************************************

Operating Conditions: ss0p7vn40c   Library: saed32rvt_ss0p7vn40c
Wire Load Model Mode: enclosed

  Startpoint: up_down (input port clocked by Clock)
  Endpoint: count_reg[2]
            (rising edge-triggered flip-flop clocked by Clock)
  Path Group: Clock
  Path Type: max

  Des/Clust/Port     Wire Load Model       Library
  ------------------------------------------------
  up_down_counter    ForQA                 saed32rvt_ss0p7vn40c

  Point                                    Incr       Path
  -----------------------------------------------------------
  clock Clock (rise edge)                  0.00       0.00
  clock network delay (ideal)              0.00       0.00
  input external delay                     2.00       2.00 f
  up_down (in)                             0.00       2.00 f
  U20/Y (OA222X1_RVT)                      0.75       2.75 f
  U21/SO (HADDX1_RVT)                      0.60       3.35 f
  count_reg[2]/D (DFFARX1_RVT)             0.00       3.35 f
  data arrival time                                   3.35

  clock Clock (rise edge)                 10.00      10.00
  clock network delay (ideal)              0.00      10.00
  clock uncertainty                       -0.20       9.80
  count_reg[2]/CLK (DFFARX1_RVT)           0.00       9.80 r
  library setup time                      -0.57       9.23
  data required time                                  9.23
  -----------------------------------------------------------
  data required time                                  9.23
  data arrival time                                  -3.35
  -----------------------------------------------------------
  slack (MET)                                         5.88


  Startpoint: up_down (input port clocked by Clock)
  Endpoint: count_reg[3]
            (rising edge-triggered flip-flop clocked by Clock)
  Path Group: Clock
  Path Type: max

  Des/Clust/Port     Wire Load Model       Library
  ------------------------------------------------
  up_down_counter    ForQA                 saed32rvt_ss0p7vn40c

  Point                                    Incr       Path
  -----------------------------------------------------------
  clock Clock (rise edge)                  0.00       0.00
  clock network delay (ideal)              0.00       0.00
  input external delay                     2.00       2.00 r
  up_down (in)                             0.00       2.00 r
  U19/Y (INVX1_RVT)                        0.03       2.03 f
  U22/Y (AO22X1_RVT)                       0.29       2.32 f
  U23/Y (OA221X1_RVT)                      0.40       2.72 f
  U24/SO (HADDX1_RVT)                      0.60       3.32 f
  count_reg[3]/D (DFFARX1_RVT)             0.00       3.32 f
  data arrival time                                   3.32

  clock Clock (rise edge)                 10.00      10.00
  clock network delay (ideal)              0.00      10.00
  clock uncertainty                       -0.20       9.80
  count_reg[3]/CLK (DFFARX1_RVT)           0.00       9.80 r
  library setup time                      -0.57       9.23
  data required time                                  9.23
  -----------------------------------------------------------
  data required time                                  9.23
  data arrival time                                  -3.32
  -----------------------------------------------------------
  slack (MET)                                         5.92


  Startpoint: up_down (input port clocked by Clock)
  Endpoint: count_reg[1]
            (rising edge-triggered flip-flop clocked by Clock)
  Path Group: Clock
  Path Type: max

  Des/Clust/Port     Wire Load Model       Library
  ------------------------------------------------
  up_down_counter    ForQA                 saed32rvt_ss0p7vn40c

  Point                                    Incr       Path
  -----------------------------------------------------------
  clock Clock (rise edge)                  0.00       0.00
  clock network delay (ideal)              0.00       0.00
  input external delay                     2.00       2.00 f
  up_down (in)                             0.00       2.00 f
  U18/SO (HADDX1_RVT)                      0.49       2.49 f
  count_reg[1]/D (DFFARX1_RVT)             0.00       2.49 f
  data arrival time                                   2.49

  clock Clock (rise edge)                 10.00      10.00
  clock network delay (ideal)              0.00      10.00
  clock uncertainty                       -0.20       9.80
  count_reg[1]/CLK (DFFARX1_RVT)           0.00       9.80 r
  library setup time                      -0.57       9.23
  data required time                                  9.23
  -----------------------------------------------------------
  data required time                                  9.23
  data arrival time                                  -2.49
  -----------------------------------------------------------
  slack (MET)                                         6.74


  Startpoint: count_reg[1]
              (rising edge-triggered flip-flop clocked by Clock)
  Endpoint: count[1] (output port clocked by Clock)
  Path Group: Clock
  Path Type: max

  Des/Clust/Port     Wire Load Model       Library
  ------------------------------------------------
  up_down_counter    ForQA                 saed32rvt_ss0p7vn40c

  Point                                    Incr       Path
  -----------------------------------------------------------
  clock Clock (rise edge)                  0.00       0.00
  clock network delay (ideal)              0.00       0.00
  count_reg[1]/CLK (DFFARX1_RVT)           0.00       0.00 r
  count_reg[1]/Q (DFFARX1_RVT)             0.96       0.96 r
  count[1] (out)                           0.00       0.96 r
  data arrival time                                   0.96

  clock Clock (rise edge)                 10.00      10.00
  clock network delay (ideal)              0.00      10.00
  clock uncertainty                       -0.20       9.80
  output external delay                   -2.00       7.80
  data required time                                  7.80
  -----------------------------------------------------------
  data required time                                  7.80
  data arrival time                                  -0.96
  -----------------------------------------------------------
  slack (MET)                                         6.84


  Startpoint: count_reg[0]
              (rising edge-triggered flip-flop clocked by Clock)
  Endpoint: count[0] (output port clocked by Clock)
  Path Group: Clock
  Path Type: max

  Des/Clust/Port     Wire Load Model       Library
  ------------------------------------------------
  up_down_counter    ForQA                 saed32rvt_ss0p7vn40c

  Point                                    Incr       Path
  -----------------------------------------------------------
  clock Clock (rise edge)                  0.00       0.00
  clock network delay (ideal)              0.00       0.00
  count_reg[0]/CLK (DFFARX1_RVT)           0.00       0.00 r
  count_reg[0]/Q (DFFARX1_RVT)             0.96       0.96 r
  count[0] (out)                           0.00       0.96 r
  data arrival time                                   0.96

  clock Clock (rise edge)                 10.00      10.00
  clock network delay (ideal)              0.00      10.00
  clock uncertainty                       -0.20       9.80
  output external delay                   -2.00       7.80
  data required time                                  7.80
  -----------------------------------------------------------
  data required time                                  7.80
  data arrival time                                  -0.96
  -----------------------------------------------------------
  slack (MET)                                         6.84


  Startpoint: count_reg[2]
              (rising edge-triggered flip-flop clocked by Clock)
  Endpoint: count[2] (output port clocked by Clock)
  Path Group: Clock
  Path Type: max

  Des/Clust/Port     Wire Load Model       Library
  ------------------------------------------------
  up_down_counter    ForQA                 saed32rvt_ss0p7vn40c

  Point                                    Incr       Path
  -----------------------------------------------------------
  clock Clock (rise edge)                  0.00       0.00
  clock network delay (ideal)              0.00       0.00
  count_reg[2]/CLK (DFFARX1_RVT)           0.00       0.00 r
  count_reg[2]/Q (DFFARX1_RVT)             0.95       0.95 r
  count[2] (out)                           0.00       0.95 r
  data arrival time                                   0.95

  clock Clock (rise edge)                 10.00      10.00
  clock network delay (ideal)              0.00      10.00
  clock uncertainty                       -0.20       9.80
  output external delay                   -2.00       7.80
  data required time                                  7.80
  -----------------------------------------------------------
  data required time                                  7.80
  data arrival time                                  -0.95
  -----------------------------------------------------------
  slack (MET)                                         6.85


  Startpoint: count_reg[3]
              (rising edge-triggered flip-flop clocked by Clock)
  Endpoint: count[3] (output port clocked by Clock)
  Path Group: Clock
  Path Type: max

  Des/Clust/Port     Wire Load Model       Library
  ------------------------------------------------
  up_down_counter    ForQA                 saed32rvt_ss0p7vn40c

  Point                                    Incr       Path
  -----------------------------------------------------------
  clock Clock (rise edge)                  0.00       0.00
  clock network delay (ideal)              0.00       0.00
  count_reg[3]/CLK (DFFARX1_RVT)           0.00       0.00 r
  count_reg[3]/Q (DFFARX1_RVT)             0.93       0.93 r
  count[3] (out)                           0.00       0.93 r
  data arrival time                                   0.93

  clock Clock (rise edge)                 10.00      10.00
  clock network delay (ideal)              0.00      10.00
  clock uncertainty                       -0.20       9.80
  output external delay                   -2.00       7.80
  data required time                                  7.80
  -----------------------------------------------------------
  data required time                                  7.80
  data arrival time                                  -0.93
  -----------------------------------------------------------
  slack (MET)                                         6.87


  Startpoint: count_reg[0]
              (rising edge-triggered flip-flop clocked by Clock)
  Endpoint: count_reg[0]
            (rising edge-triggered flip-flop clocked by Clock)
  Path Group: Clock
  Path Type: max

  Des/Clust/Port     Wire Load Model       Library
  ------------------------------------------------
  up_down_counter    ForQA                 saed32rvt_ss0p7vn40c

  Point                                    Incr       Path
  -----------------------------------------------------------
  clock Clock (rise edge)                  0.00       0.00
  clock network delay (ideal)              0.00       0.00
  count_reg[0]/CLK (DFFARX1_RVT)           0.00       0.00 r
  count_reg[0]/QN (DFFARX1_RVT)            0.61       0.61 f
  count_reg[0]/D (DFFARX1_RVT)             0.00       0.61 f
  data arrival time                                   0.61

  clock Clock (rise edge)                 10.00      10.00
  clock network delay (ideal)              0.00      10.00
  clock uncertainty                       -0.20       9.80
  count_reg[0]/CLK (DFFARX1_RVT)           0.00       9.80 r
  library setup time                      -0.62       9.18
  data required time                                  9.18
  -----------------------------------------------------------
  data required time                                  9.18
  data arrival time                                  -0.61
  -----------------------------------------------------------
  slack (MET)                                         8.57


1
